/home/akalout/CALDERON_PINNS/Turb_119_no_ffe/data_turb_119/dtn_data_random_turbulent.npz
/home/akalout/CALDERON_PINNS/Turb_119_no_ffe/data_turb_119/test_fixed_seed_42
grid size 64
number of BC functions 140
Saving directory created: /home/akalout/CALDERON_PINNS/Turb_119_no_ffe/data_turb_119/test_fixed_seed_42
Seed 42
Using device: cuda
Starting training for case: random_turbulent, noise: 0pct
forward pass through gamma NN !
Training finished. Total time: 99.31s
Model succesfully saved
Min DE loss 9.818454937970955e-10
Min f loss 1126.6096830368042
Min J loss 3328.6590576171875
Mean Relative error: 93.41538 %
Saved plot 0
Saved plot 10
Saved plot 20
Saved plot 30
Saved plot 40
Saved plot 49
Saved plot 0
Saved plot 10
Saved plot 20
Saved plot 30
Saved plot 40
Saved plot 49
Saved plot 0
Saved plot 10
Saved plot 20
Saved plot 49
Starting training for case: random_turbulent, noise: 0pct
Epoch 1000/1000 | Total Loss: 3.10e+03 | PDE: 1.70e+02 | Data: 2.51e+02
Epoch 2000/1000 | Total Loss: 1.10e+03 | PDE: 1.35e+02 | Data: 7.82e+01
Epoch 3000/1000 | Total Loss: 8.51e+02 | PDE: 7.93e+01 | Data: 6.91e+01
Epoch 4000/1000 | Total Loss: 2.85e+02 | PDE: 8.15e+01 | Data: 1.72e+01
Epoch 5000/1000 | Total Loss: 2.43e+02 | PDE: 4.71e+01 | Data: 1.68e+01
Epoch 6000/1000 | Total Loss: 1.24e+02 | PDE: 3.36e+01 | Data: 7.47e+00
Epoch 7000/1000 | Total Loss: 1.63e+02 | PDE: 3.32e+01 | Data: 1.17e+01
Epoch 8000/1000 | Total Loss: 8.85e+01 | PDE: 2.09e+01 | Data: 5.76e+00
Epoch 9000/1000 | Total Loss: 5.84e+01 | PDE: 2.13e+01 | Data: 3.27e+00
Epoch 10000/1000 | Total Loss: 7.66e+01 | PDE: 2.79e+01 | Data: 4.01e+00
Training finished. Total time: 10315.41s
Model succesfully saved
Min DE loss 9.818454937970955e-10
Min f loss 3.0894067604094744
Min J loss 12.694344520568848
Mean Relative error: 18.216116 %
Starting training for case: random_turbulent, noise: 0pct
Epoch 1000/1000 | Total Loss: 4.53e+01 | PDE: 1.86e+01 | Data: 2.26e+00
Epoch 2000/1000 | Total Loss: 3.53e+01 | PDE: 1.27e+01 | Data: 1.81e+00
Epoch 3000/1000 | Total Loss: 3.95e+01 | PDE: 1.14e+01 | Data: 2.33e+00
Epoch 4000/1000 | Total Loss: 2.77e+01 | PDE: 1.18e+01 | Data: 1.14e+00
Epoch 5000/1000 | Total Loss: 2.76e+01 | PDE: 1.24e+01 | Data: 1.27e+00
Epoch 6000/1000 | Total Loss: 2.89e+01 | PDE: 1.07e+01 | Data: 1.35e+00
Epoch 7000/1000 | Total Loss: 2.89e+01 | PDE: 8.31e+00 | Data: 1.75e+00
Epoch 8000/1000 | Total Loss: 1.98e+01 | PDE: 6.89e+00 | Data: 1.01e+00
Epoch 9000/1000 | Total Loss: 1.82e+01 | PDE: 7.32e+00 | Data: 8.38e-01
Epoch 10000/1000 | Total Loss: 1.54e+01 | PDE: 4.55e+00 | Data: 8.00e-01
Training finished. Total time: 10794.79s
Model succesfully saved
Min DE loss 9.818454937970955e-10
Min f loss 1.1062199482694268
Min J loss 5.493727922439575
Mean Relative error: 16.757843 %
Saved plot 0
Saved plot 10
Saved plot 20
Saved plot 30
Saved plot 40
Saved plot 49
Saved plot 0
Saved plot 10
Saved plot 20
Saved plot 30
Saved plot 40
Saved plot 49
Saved plot 0
Saved plot 10
Saved plot 20
Saved plot 49
Starting training for case: random_turbulent, noise: 0pct
Epoch 1000/1000 | Total Loss: 2.10e+01 | PDE: 7.56e+00 | Data: 9.70e-01
Epoch 2000/1000 | Total Loss: 3.29e+01 | PDE: 1.46e+01 | Data: 1.40e+00
Epoch 3000/1000 | Total Loss: 3.71e+01 | PDE: 1.10e+01 | Data: 2.01e+00
Epoch 4000/1000 | Total Loss: 1.20e+01 | PDE: 4.56e+00 | Data: 5.70e-01
Epoch 5000/1000 | Total Loss: 1.60e+01 | PDE: 4.53e+00 | Data: 8.94e-01
Epoch 6000/1000 | Total Loss: 1.96e+01 | PDE: 6.03e+00 | Data: 1.15e+00
Epoch 7000/1000 | Total Loss: 1.48e+01 | PDE: 5.45e+00 | Data: 6.86e-01
Epoch 8000/1000 | Total Loss: 1.48e+01 | PDE: 4.93e+00 | Data: 8.21e-01
Epoch 9000/1000 | Total Loss: 2.40e+01 | PDE: 8.16e+00 | Data: 1.30e+00
Epoch 10000/1000 | Total Loss: 2.75e+01 | PDE: 1.16e+01 | Data: 1.28e+00
Training finished. Total time: 10312.52s
Model succesfully saved
Min DE loss 9.818454937970955e-10
Min f loss 0.9703116375021636
Min J loss 2.989010512828827
Mean Relative error: 15.362707 %
Starting training for case: random_turbulent, noise: 0pct
Epoch 1000/1000 | Total Loss: 1.28e+01 | PDE: 4.29e+00 | Data: 5.72e-01
Epoch 2000/1000 | Total Loss: 2.10e+01 | PDE: 7.76e+00 | Data: 1.03e+00
